\BOOKMARK [0][]{chapter.1}{\376\377\0001\000\040\000I\000N\000T\000R\000O\000D\000U\000C\000C\000I\000\323\000N}{}% 1
\BOOKMARK [1][-]{section.1.1}{\376\377\0001\000.\0001\000\040\000P\000l\000a\000n\000t\000e\000a\000m\000i\000e\000n\000t\000o\000\040\000d\000e\000l\000\040\000p\000r\000o\000b\000l\000e\000m\000a}{chapter.1}% 2
\BOOKMARK [2][-]{subsection.1.1.1}{\376\377\0001\000.\0001\000.\0001\000\040\000D\000e\000s\000c\000r\000i\000p\000c\000i\000\363\000n\000\040\000d\000e\000\040\000l\000a\000s\000\040\000e\000c\000u\000a\000c\000i\000o\000n\000e\000s\000\040\000d\000e\000\040\000N\000a\000v\000i\000e\000r\000-\000S\000t\000o\000k\000e\000s}{section.1.1}% 3
\BOOKMARK [2][-]{subsection.1.1.2}{\376\377\0001\000.\0001\000.\0002\000\040\000D\000e\000m\000o\000s\000t\000r\000a\000c\000i\000o\000n\000e\000s\000\040\000s\000i\000n\000\040\000r\000e\000s\000o\000l\000v\000e\000r}{section.1.1}% 4
\BOOKMARK [2][-]{subsection.1.1.3}{\376\377\0001\000.\0001\000.\0003\000\040\000R\000e\000s\000u\000l\000t\000a\000d\000o\000s\000\040\000p\000a\000r\000c\000i\000a\000l\000e\000s\000\040\000c\000o\000n\000o\000c\000i\000d\000o\000s\000\040\000s\000o\000b\000r\000e\000\040\000E\000u\000l\000e\000r\000\040\000y\000\040\000N\000a\000v\000i\000e\000r\000-\000\040\000S\000t\000o\000k\000e\000s}{section.1.1}% 5
\BOOKMARK [1][-]{section.1.2}{\376\377\0001\000.\0002\000\040\000E\000s\000t\000a\000d\000o\000\040\000d\000e\000l\000\040\000a\000r\000t\000e}{chapter.1}% 6
\BOOKMARK [2][-]{subsection.1.2.1}{\376\377\0001\000.\0002\000.\0001\000\040\000U\000n\000a\000\040\000f\000o\000r\000m\000u\000l\000a\000c\000i\000\363\000n\000\040\000c\000u\000a\000n\000t\000i\000t\000a\000t\000i\000v\000a\000\040\000d\000e\000l\000\040\000p\000r\000o\000b\000l\000e\000m\000a\000\040\000d\000e\000\040\000r\000e\000g\000u\000l\000a\000r\000i\000d\000a\000d\000\040\000g\000l\000o\000b\000a\000l\000\040\000p\000a\000r\000a\000\040\000e\000l\000\040\000p\000e\000r\000i\000\363\000d\000i\000c\000o\000\040\000S\000i\000s\000t\000e\000m\000a\000\040\000N\000a\000v\000i\000e\000r\000-\000S\000t\000o\000k\000e\000s\000,\000\040\000T\000e\000r\000e\000n\000c\000e\000\040\000T\000a\000o}{section.1.2}% 7
\BOOKMARK [1][-]{section.1.3}{\376\377\0001\000.\0003\000\040\000C\000o\000n\000t\000r\000i\000b\000u\000c\000i\000o\000n\000e\000s\000\040\000d\000e\000\040\000e\000s\000t\000e\000\040\000t\000r\000a\000b\000a\000j\000o}{chapter.1}% 8
\BOOKMARK [1][-]{section.1.4}{\376\377\0001\000.\0004\000\040\000E\000s\000q\000u\000e\000m\000a\000\040\000d\000e\000\040\000l\000a\000\040\000t\000e\000s\000i\000s}{chapter.1}% 9
\BOOKMARK [0][]{chapter.2}{\376\377\0002\000\040\000O\000B\000J\000E\000T\000I\000V\000O\000S}{}% 10
\BOOKMARK [1][-]{section.2.1}{\376\377\0002\000.\0001\000\040\000O\000b\000j\000e\000t\000i\000v\000o\000\040\000G\000e\000n\000e\000r\000a\000l}{chapter.2}% 11
\BOOKMARK [1][-]{section.2.2}{\376\377\0002\000.\0002\000\040\000O\000b\000j\000e\000t\000i\000v\000o\000s\000\040\000E\000s\000p\000e\000c\000\355\000f\000i\000c\000o\000s}{chapter.2}% 12
\BOOKMARK [0][]{chapter.3}{\376\377\0003\000\040\000R\000E\000V\000I\000S\000I\000\323\000N\000\040\000D\000E\000\040\000L\000I\000T\000E\000R\000A\000T\000U\000R\000A}{}% 13
\BOOKMARK [1][-]{section.3.1}{\376\377\0003\000.\0001\000\040\000E\000c\000u\000a\000c\000i\000\363\000n\000\040\000d\000e\000\040\000N\000e\000v\000i\000e\000r\000-\000S\000t\000o\000k\000e\000s\000\040\000e\000n\000\040\0002\000D}{chapter.3}% 14
\BOOKMARK [2][-]{subsection.3.1.1}{\376\377\0003\000.\0001\000.\0001\000\040\000D\000e\000m\000o\000s\000t\000r\000a\000c\000i\000\363\000n\000\040\000d\000e\000\040\000O\000l\000g\000a\000\040\000A\000.\000\040\000L\000a\000d\000y\000z\000h\000e\000n\000s\000k\000a\000y\000a}{section.3.1}% 15
\BOOKMARK [1][-]{section.3.2}{\376\377\0003\000.\0002\000\040\000E\000c\000u\000a\000c\000i\000o\000n\000e\000s\000\040\000d\000e\000\040\000S\000a\000i\000n\000t\000\040\000V\000e\000n\000a\000n\000t}{chapter.3}% 16
\BOOKMARK [2][-]{subsection.3.2.1}{\376\377\0003\000.\0002\000.\0001\000\040\000E\000c\000u\000a\000c\000i\000\363\000n\000\040\000d\000e\000\040\000c\000o\000n\000t\000i\000n\000u\000i\000d\000a\000d}{section.3.2}% 17
\BOOKMARK [2][-]{subsection.3.2.2}{\376\377\0003\000.\0002\000.\0002\000\040\000E\000c\000u\000a\000c\000i\000o\000n\000e\000s\000\040\000d\000e\000\040\000c\000a\000n\000t\000i\000d\000a\000d\000\040\000d\000e\000\040\000m\000o\000v\000i\000m\000i\000e\000n\000t\000o}{section.3.2}% 18
\BOOKMARK [0][]{chapter.4}{\376\377\0004\000\040\000M\000A\000T\000E\000R\000I\000A\000L\000E\000S\000\040\000Y\000\040\000M\000\311\000T\000O\000D\000O\000S}{}% 19
\BOOKMARK [1][-]{section.4.1}{\376\377\0004\000.\0001\000\040\000M\000\351\000t\000o\000d\000o\000\040\0001}{chapter.4}% 20
\BOOKMARK [2][-]{subsection.4.1.1}{\376\377\0004\000.\0001\000.\0001\000\040\000R\000e\000s\000u\000m\000e\000n}{section.4.1}% 21
\BOOKMARK [0][]{chapter.5}{\376\377\0005\000\040\000R\000E\000S\000U\000L\000T\000A\000D\000O\000S}{}% 22
\BOOKMARK [0][]{chapter.6}{\376\377\0006\000\040\000C\000O\000N\000C\000L\000U\000S\000I\000O\000N\000E\000S\000\040\000F\000I\000N\000A\000L\000E\000S\000\040\000Y\000\040\000T\000R\000A\000B\000A\000J\000O\000\040\000F\000U\000T\000U\000R\000O}{}% 23
\BOOKMARK [0][]{appendix*.3}{\376\377\000L\000I\000T\000E\000R\000A\000T\000U\000R\000A\000\040\000C\000O\000N\000S\000U\000L\000T\000A\000D\000A}{}% 24
